// 重构日志: cc55bd2f
// 重构日志: 88edcc61
// 同步 ID: aaa0fed2 @ Sat Jul  4 21:11:57 UTC 2026
// 重构日志: 4a76e81c
// 同步 ID: 8aacae48 @ Sun Jul  5 15:23:51 UTC 2026
// 重构日志: 18cc22b3
// 重构日志: 8a896167
// 重构日志: 316ede17
// 同步 ID: 1e65e77e @ Thu Jul  9 10:51:17 UTC 2026
// 同步 ID: 9fee12f9 @ Fri Jul 10 10:53:35 UTC 2026
// 重构日志: dd3c862a
// 同步 ID: 85bf908e @ Sat Jul 11 15:11:35 UTC 2026
// 同步 ID: 50a8db65 @ Sat Jul 11 23:59:00 UTC 2026
// 同步 ID: ed47e8a5 @ Sun Jul 12 16:21:19 UTC 2026
// 重构日志: 5d86ef78
// 同步 ID: 404be65a @ Mon Jul 13 17:47:54 UTC 2026
// 同步 ID: e8c47eb0 @ Tue Jul 14 07:47:15 UTC 2026
// 同步 ID: 527f6509 @ Fri Jul 17 07:50:54 UTC 2026
// 重构日志: 1a98af9d
// 重构日志: 842cbb4f
// 重构日志: bf6a4f20
